Case #1: 1.0 6.0
Case #2: 0.0 1.0
Case #3: 3.3634060117684275 1.0
Case #4: 0.12856486930664615 7.133333333333334
Case #5: 1800.0 0
Case #6: 242.25064959475532 0
Case #7: 190.41297550237857 0
Case #8: 219.94640175019262 0
Case #9: 386.3302835657593 0
Case #10: 130.908731524985 0
Case #11: 0.0 0
Case #12: 0.0 0.0
Case #13: 0.0 0.0
Case #14: 0.0 0.0
Case #15: 0.0 0.0
Case #16: 0.0 0.0
Case #17: 3.972054645195637e-15 3.5999999999999996
Case #18: 1.3923737144427707e-13 0.7058823529411763
Case #19: 0.0 2.0
Case #20: 4.440892098500626e-16 0.9444444444444444
Case #21: 0.0 0.16666666666666666
Case #22: 1.432144669219779e-14 1.1111111111111112
Case #23: 0.0 5.0
Case #24: 8.702335715267317e-15 0.38888888888888884
Case #25: 1.9860273225978185e-15 0.6666666666666667
Case #26: 0.0 1.0
Case #27: 2.1316282072803006e-14 1.230769230769231
Case #28: 5.0242958677880805e-15 0.3333333333333333
Case #29: 0.0 0.25
Case #30: 8660.254037844386 0
Case #31: 0.0 2500000.0
Case #32: 0.6287313045276018 3.4264998777036237
Case #33: 2.026814129465034 2.0760064315528273
Case #34: 5.193855038185944 4.10238226977104
Case #35: 4.760050936303351 1.8046031756679703
Case #36: 1.4116955157215385 1.3738713873741504
Case #37: 5.973637312506689 2.8923486722459555
Case #38: 0.9503520498174544 0.9647796193473448
Case #39: 2.057553804742141 2.442732257264321
Case #40: 4.376587436875577 2.3709977678374496
Case #41: 5.021976968496952 2.0711181644706516
Case #42: 12.046330403875684 8.099497563228791
Case #43: 12.967569539991826 1.9974978181125558
Case #44: 15.086447980803905 4.336716026824935
Case #45: 23.195781641978797 0
Case #46: 38.950288830764784 0
Case #47: 38.627454574610276 0
Case #48: 264.97463190946326 0
Case #49: 20.12530193010226 0
Case #50: 17.200414338631006 0
Case #51: 52.12831272594885 0
Case #52: 287.3815582113786 0
Case #53: 32.720635690646354 0
Case #54: 6.156035935181014 0
Case #55: 0.7051800561307912 2.1333333333333333
Case #56: 0.46039069925400966 0.711111111111111
Case #57: 0.8290638930598233 0
Case #58: 1.3198001666308083 0.7903225806451613
Case #59: 1.4167636941193693 1.3606425702811245
Case #60: 2.109314987012995 0.37272429063473844
Case #61: 5.5288359745680244 0.05322763306908272
Case #62: 7.98397154634788 0
Case #63: 1.8073268840225682 0.08792402470438535
Case #64: 3.831010695833602 0.9700961196155216
Case #65: 2.676671722908651 1.0797174571140262
Case #66: 4.252004874708572 0
Case #67: 6.096294463859908 2.3652694610778444
Case #68: 4.391835635920637 1.3634992458521873
Case #69: 4.9782857261349065 0.8740379931807111
Case #70: 5.594425797166319 0
Case #71: 2.768040798379938 0
Case #72: 2.7101638833254125 0.1195162478373332
Case #73: 2.6849551905013236 0
Case #74: 1.91373979422491 0
Case #75: 5.253908097393595 0
Case #76: 7.5261611616182655 0.001571337314616072
Case #77: 6.781263686812559 0
Case #78: 2.6726531434360488 0.020348081375253655
Case #79: 263.86205202719094 0
Case #80: 625.6109503370058 19.566204192429492
Case #81: 131.86448230159888 22.898306275915388
Case #82: 720.5895925884204 0
Case #83: 4381.663639532364 0
Case #84: 544.7602859030955 0
Case #85: 825.8204800547015 0
Case #86: 880.5019655181504 1.062234393767501
Case #87: 765.3681938924703 0
Case #88: 153.26023990935903 0.2838767482175774
Case #89: 2029.5886090227743 0
Case #90: 506.3905098651746 0.7671845049895613
Case #91: 761.2411447856385 0.4812359964831674
Case #92: 245.62070093987 0.24999233633573126
Case #93: 85.83159383350632 0
Case #94: 747.9035576864172 0
Case #95: 502.8700826249027 0.2317743370934164
Case #96: 550.12550769688 0
Case #97: 676.6873759231273 0
Case #98: 423.80771100304867 0.41691701174324675
Case #99: 499.0567494783467 0.683465101826116
Case #100: 24.231010472370127 0
